2018-07-04 06:12:01 -0400 - amazon.com, Amazon Privacy Notice crawl was empty.
2018-07-04 06:12:01 -0400 - amazon.com, Kindle Personal Documents Distributor Terms of Use crawl was empty.
2018-07-04 06:12:01 -0400 - amazon.com, Limited-Time Special Offers Promotional Discount Terms & Conditions crawl was empty.
2018-07-04 06:12:01 -0400 - amazon.com, Kindle Special Offer Text Notifications Terms & Conditions crawl was empty.
2018-07-04 06:12:01 -0400 - amazon.com, Amazon GameCircle Terms of Use crawl was empty.
2018-07-04 06:12:01 -0400 - amazon.com, Location Services FAQ crawl was empty.
2018-07-04 06:12:01 -0400 - amazon.com, Backup and Restore FAQ crawl was empty.
2018-07-04 06:15:28 -0400 - amazon.com, Kindle Personal Documents Distributor Terms of Use crawl was empty.
2018-07-04 06:15:28 -0400 - amazon.com, Limited-Time Special Offers Promotional Discount Terms & Conditions crawl was empty.
2018-07-04 06:15:28 -0400 - amazon.com, Kindle Special Offer Text Notifications Terms & Conditions crawl was empty.
2018-07-04 06:15:28 -0400 - amazon.com, Amazon GameCircle Terms of Use crawl was empty.
2018-07-04 06:15:28 -0400 - amazon.com, Location Services FAQ crawl was empty.
2018-07-04 06:15:28 -0400 - amazon.com, Backup and Restore FAQ crawl was empty.
2018-07-04 06:18:39 -0400 - amazon.com, Kindle Special Offer Text Notifications Terms & Conditions crawl was empty.
2018-07-04 06:18:39 -0400 - amazon.com, Amazon GameCircle Terms of Use crawl was empty.
2018-07-04 06:18:39 -0400 - amazon.com, Location Services FAQ crawl was empty.
2018-07-04 06:18:39 -0400 - amazon.com, Backup and Restore FAQ crawl was empty.
2018-07-04 06:30:41 -0400 - hypster.com, Privacy Policy crawl was empty.
2018-07-04 06:30:41 -0400 - xing.com, Privacy Policy crawl was empty.
2018-07-04 06:30:41 -0400 - forums.informe.com, Terms of Service crawl was empty.
2018-07-04 06:30:41 -0400 - steampowered.com, Privacy Policy Agreement crawl was empty.
2018-07-04 06:30:41 -0400 - identi.ca, Terms of Service crawl was empty.
2018-07-04 06:30:41 -0400 - identi.ca, Privacy Policy crawl was empty.
2018-07-04 06:30:41 -0400 - del.icio.us, Privacy Policy crawl was empty.
2018-07-04 06:30:41 -0400 - olx.com, Terms of Use crawl was empty.
2018-07-04 06:30:41 -0400 - dropbox.com, Privacy Policy crawl was empty.
