2012-10-04 12:16:38 +0200 - Problem opening URL: http://www.abercrombie.com/webapp/wcs/stores/servlet/CustomerService?storeId=11203&catalogId=10901&langId=-1&textKey=HELP_PRIVACYPOLICY&pageName=privacy
2012-10-04 12:17:58 +0200 - Problem opening URL: http://www.adobe.com/misc/privacy.html
2012-10-04 12:18:22 +0200 - Problem opening URL: http://www.albertsons.com/about/security-privacy.jsp
2012-10-04 12:18:59 +0200 - Problem opening URL: http://www.apple.com/legal/mobileme/en/terms.html
2012-10-04 12:20:03 +0200 - Problem opening URL: http://www.blair.com/custserv/custserv.jsp?pageName=Privacy
2012-10-04 12:34:46 +0200 - Problem opening URL: http://www.abercrombie.com/webapp/wcs/stores/servlet/CustomerService?storeId=11203&catalogId=10901&langId=-1&textKey=HELP_PRIVACYPOLICY&pageName=privacy
2012-10-04 12:35:18 +0200 - Problem opening URL: http://www.albertsons.com/about/security-privacy.jsp
2012-10-04 12:35:55 +0200 - Problem opening URL: http://www.apple.com/legal/mobileme/en/terms.html
2012-10-04 12:36:52 +0200 - Problem opening URL: http://www.blair.com/custserv/custserv.jsp?pageName=Privacy
2012-10-04 12:37:47 +0200 - Problem opening URL: https://www.capitalone.com/protection/privacy/privacy_practices_english.php?linkid=WWW_Z_Z_Z_PROPR_C1_04_T_PROPRAE
2012-10-04 12:37:59 +0200 - Problem opening URL: http://www.carfax.com/cfm/ofprivacy.cfm
2012-10-04 12:47:37 +0200 - Problem opening URL: http://www.albertsons.com/about/security-privacy.jsp
2012-10-04 12:48:13 +0200 - Problem opening URL: http://www.apple.com/legal/mobileme/en/terms.html
2012-10-04 12:49:14 +0200 - Problem opening URL: http://www.blair.com/custserv/custserv.jsp?pageName=Privacy
2012-10-04 12:50:07 +0200 - Problem opening URL: https://www.capitalone.com/protection/privacy/privacy_practices_english.php?linkid=WWW_Z_Z_Z_PROPR_C1_04_T_PROPRAE
2012-10-04 12:50:18 +0200 - Problem opening URL: http://www.carfax.com/cfm/ofprivacy.cfm
2012-10-04 12:51:29 +0200 - Problem opening URL: http://www.comcast.net/terms/network/
2012-10-04 12:51:54 +0200 - Problem opening URL: http://shop.costco.com/Legal/Privacy
2012-10-04 12:52:16 +0200 - Problem opening URL: http://www.csoboard.com/privacy.html
2012-10-04 12:52:39 +0200 - Problem opening URL: http://www.delta.com/privacy_security/index.jsp
2012-10-04 12:52:50 +0200 - Problem opening URL: http://www.dillards.com/webapp/wcs/stores/servlet/noticesView?storeId=301&langId=-1&catalogId=301&splashlink=footer_policies#SharePersonal
2012-10-04 12:53:50 +0200 - Problem opening URL: http://www.eff.org/policy
2012-10-04 12:54:31 +0200 - Problem opening URL: http://www.everlane.com/privacy
2012-10-04 12:54:36 +0200 - Problem opening URL: http://www.expedia.com.ph/pub/agent.dll?qscr=hgen&hfnm=PrivacyPol.htx
2012-10-04 12:54:57 +0200 - Problem opening URL: http://personal.fidelity.com/accounts/services/findanswer/content/privacy.shtml.cvsr
2012-10-04 12:55:05 +0200 - Problem opening URL: http://www.fitocracy.com/privacy_policy/
2012-10-04 12:56:35 +0200 - Problem opening URL: https://github.com/site/terms
2012-10-04 12:58:38 +0200 - Problem opening URL: http://hyundaiusa.com/privacy-policy.aspx
2012-10-04 12:59:09 +0200 - Problem opening URL: http://www.irs.gov/privacy/index.html?portlet=111#IRS Privacy Policy
2012-10-04 13:03:23 +0200 - Problem opening URL: https://signup.netflix.com/PrivacyPolicy
2012-10-04 13:03:24 +0200 - Problem opening URL: http://www.netflix.com/TermsOfUse
2012-10-04 13:04:11 +0200 - Problem opening URL: http://www.officedepot.com/specialLinks.do;jsessionid=00000D3ey8CiuoBJM404oSXyxVC:1659q38ci?file=/customerservice/Privacy.jsp&template=customerService
2012-10-04 13:05:08 +0200 - Problem opening URL: http://www.pcworld.com/resource/privacy.html
2012-10-04 13:05:30 +0200 - Problem opening URL: http://www.prvd.com/privacy.aspx
2012-10-04 13:05:46 +0200 - Problem opening URL: http://phonedeck.com/Legal/Privacy
2012-10-04 13:05:58 +0200 - Problem opening URL: http://pipl.com/privacy/
2012-10-04 13:07:39 +0200 - Problem opening URL: http://www.prvd.com/privacy.aspx
2012-10-04 13:08:12 +0200 - Problem opening URL: http://www.samsclub.com/sams/pagedetails/content.jsp?pageName=privacyPolicy
2012-10-04 13:08:14 +0200 - Problem opening URL: http://privacy-policy.truste.com/verified-policy/www.savemore.com
2012-10-04 13:10:23 +0200 - Problem opening URL: https://wiki.sonic.net/wiki/Category:Policies
2012-10-04 13:10:43 +0200 - Problem opening URL: http://www.springfieldnewssun.com/services/privacy-policy/
2012-10-04 13:10:45 +0200 - Problem opening URL: http://www.sprintpcs.com/common/popups/popLegalTermsPrivacy.html
2012-10-04 13:10:46 +0200 - Problem opening URL: http://www.sprintpcs.com/common/popups/popLegalTermsPrivacy.html
2012-10-04 13:12:49 +0200 - Problem opening URL: http://www.timewarnercable.com/Corporate/privacy.html
2012-10-04 13:14:11 +0200 - Problem opening URL: http://www.upmystreet.com/privacy-policy.html
2012-10-04 13:17:41 +0200 - Problem opening URL: http://www.yelp.com/static?p=privacy&country=US
