These files were modified since the last commit:

On branch master
Your branch is up-to-date with 'origin/master'.
Changes not staged for commit:
  (use "git add <file>..." to update what will be committed)
  (use "git checkout -- <file>..." to discard changes in working directory)

	modified:   ../crawl/123greetings.com/Privacy Policy.txt
	modified:   ../crawl/aeropostale.com/Privacy Policy.txt
	modified:   ../crawl/agame.com/Privacy Policy.txt
	modified:   ../crawl/amazon.com/Amazon Terms of Service.txt
	modified:   ../crawl/amazon.com/Official AWS Privacy Policy.txt
	modified:   ../crawl/bankofamerica.com/Privacy Policy.txt
	modified:   ../crawl/bikeindex.org/Vendor Terms of Service.txt
	modified:   ../crawl/bored.com/Privacy Policy.txt
	modified:   ../crawl/buckle.com/Privacy Policy.txt
	modified:   ../crawl/careerbuilderinstitute.com/Privacy Policy.txt
	modified:   ../crawl/constantcontact.com/Privacy Policy.txt
	modified:   ../crawl/en.softonic.com/Privacy Policy.txt
	modified:   ../crawl/fandango.com/Privacy Policy.txt
	modified:   ../crawl/fedex.com/Privacy Policy.txt
	modified:   ../crawl/freeze.com/Privacy Policy.txt
	modified:   ../crawl/gartner.com/Privacy Policy.txt
	modified:   ../crawl/godlikeproductions.com/Privacy Policy.txt
	modified:   ../crawl/hautelook.com/Privacy Policy.txt
	modified:   ../crawl/hickoryfarms.com/Privacy Policy.txt
	modified:   ../crawl/home.mywebsearch.com/Privacy Policy.txt
	modified:   ../crawl/homedecorators.com/Privacy Policy.txt
	modified:   ../crawl/homestead.com/Privacy Policy.txt
	modified:   ../crawl/indeed.com/Privacy Policy.txt
	modified:   ../crawl/instructables.com/Privacy Policy.txt
	modified:   ../crawl/intuit.com/Privacy Policy.txt
	modified:   ../crawl/invizua.com/Privacy Policy.txt
	modified:   ../crawl/jobgo.com/Privacy Policy.txt
	modified:   ../crawl/microsoft.com/Microsoft Services Agreement.txt
	modified:   ../crawl/mlb.mlb.com/Privacy Policy.txt
	modified:   ../crawl/nfl.com/Privacy Policy.txt
	modified:   ../crawl/nike.com/Privacy Policy.txt
	modified:   ../crawl/officemax.com/Privacy Policy.txt
	modified:   ../crawl/peekyou.com/Privacy Policy.txt
	modified:   ../crawl/pollen.com/Privacy Policy.txt
	modified:   ../crawl/reuters.com/Privacy Policy.txt
	modified:   ../crawl/scmagazine.com/Privacy Policy.txt
	modified:   ../crawl/search-results.com/Privacy Policy.txt
	modified:   ../crawl/shop.lenovo.com/Privacy Policy.txt
	modified:   ../crawl/shopstyle.com/Terms of Service.txt
	modified:   ../crawl/sony.com/Privacy Policy.txt
	modified:   ../crawl/spiegel.de/Privacy Policy.txt
	modified:   ../crawl/starwoodhotels.com/Privacy Policy.txt
	modified:   ../crawl/tube8.com/Privacy Policy.txt
	modified:   ../crawl/ubuntu.com/Terms of Service.txt
	modified:   ../crawl/urbandictionary.com/Privacy Policy.txt
	modified:   ../crawl/usa.autodesk.com/Privacy Policy.txt
	modified:   ../crawl/veracitypayments.com/Privacy Policy.txt
	modified:   ../crawl/verizon.com/Business and Marketing Insights FAQs.txt
	modified:   ../crawl/verizon.com/Verizon Selects FAQs.txt
	modified:   ../crawl/webmd.com/Privacy Policy.txt
	modified:   ../crawl/whitepages.com/Privacy Policy.txt
	modified:   ../crawl/xanga.com/Privacy Policy.txt
	modified:   ../crawl/y8.com/Privacy Policy.txt
	modified:   ../crawl/yellowpages.com/Privacy Policy.txt
	modified:   ../crawl_reviewed/linkedin.com/Privacy Policy.txt
	modified:   ../crawl_reviewed/live.com/Microsoft Services Agreement.txt
	modified:   ../crawl_reviewed/msn.com/Terms of Service.txt
	modified:   ../crawl_reviewed/skype.com/Terms of Use.txt
	modified:   ../logs/empty.log
	modified:   ../logs/errors.log
	modified:   ../logs/modified.log
	modified:   ../logs/run.log

no changes added to commit (use "git add" and/or "git commit -a")
